[ 2015-05-05T14:26:39+08:00 ] 127.0.0.1 /nuomi/nuomi/index.php/Admin/User/register
ERR: 无法加载控制器:User

[ 2015-05-05T19:14:44+08:00 ] 127.0.0.1 /nuomi/nuomi/index.php/Admin/Index/%7B$smarty.const.__CONTROLLER__%7D/head.html
ERR: 非法操作:{$smarty.const.__CONTROLLER__}

[ 2015-05-05T19:14:44+08:00 ] 127.0.0.1 /nuomi/nuomi/index.php/Admin/Index/%7B$smarty.const.__CONTROLLER__%7D/left.html
ERR: 非法操作:{$smarty.const.__CONTROLLER__}

[ 2015-05-05T19:14:44+08:00 ] 127.0.0.1 /nuomi/nuomi/index.php/Admin/Index/%7B$smarty.const.__CONTROLLER__%7D/right.html
ERR: 非法操作:{$smarty.const.__CONTROLLER__}

[ 2015-05-05T19:17:23+08:00 ] 127.0.0.1 /nuomi/nuomi/index.php/Admin/Index/head.html
INFO: [ view_parse ] --START--
NOTIC: [2] filemtime() [<a href='function.filemtime'>function.filemtime</a>]: stat failed for F:/20150303/lesson/nuomi/nuomi/Runtime/Cache\3bae8d923c3c32a3d4d18ec7d31e31319cefd0f5.file.head.html.php F:\20150303\lesson\nuomi\ThinkPHP\Library\Vendor\Smarty\sysplugins\smarty_resource.php 第 683 行.
NOTIC: [2] unlink(F:/20150303/lesson/nuomi/nuomi/Runtime/Cache\3bae8d923c3c32a3d4d18ec7d31e31319cefd0f5.file.head.html.php) [<a href='function.unlink'>function.unlink</a>]: No such file or directory F:\20150303\lesson\nuomi\ThinkPHP\Library\Vendor\Smarty\sysplugins\smarty_internal_write_file.php 第 49 行.
INFO: Run Behavior\ParseTemplateBehavior [ RunTime:0.041284s ]
INFO: [ view_parse ] --END-- [ RunTime:0.041810s ]
INFO: [ view_filter ] --START--
INFO: Run Behavior\WriteHtmlCacheBehavior [ RunTime:0.000565s ]
INFO: Run Behavior\ShowRuntimeBehavior [ RunTime:0.000485s ]
INFO: [ view_filter ] --END-- [ RunTime:0.001153s ]
INFO: [ app_end ] --START--
INFO: Run Behavior\ShowPageTraceBehavior [ RunTime:0.000676s ]
INFO: [ app_end ] --END-- [ RunTime:0.000745s ]
NOTIC: [2] ini_set() [<a href='function.ini-set'>function.ini-set</a>]: A session is active. You cannot change the session module's ini settings at this time F:\20150303\lesson\nuomi\nuomi\index.php 第 30 行.

[ 2015-05-05T19:17:24+08:00 ] 127.0.0.1 /nuomi/nuomi/index.php/Admin/Index/%7B$smarty.const.ADMIN_CSS_URL%7Dadmin.css
ERR: 非法操作:{$smarty.const.ADMIN_CSS_URL}admin.css

[ 2015-05-05T19:17:24+08:00 ] 127.0.0.1 /nuomi/nuomi/index.php/Admin/Index/%7B$smarty.const.ADMIN_CSS_URL%7Dadmin.css
ERR: 非法操作:{$smarty.const.ADMIN_CSS_URL}admin.css

[ 2015-05-05T19:17:24+08:00 ] 127.0.0.1 /nuomi/nuomi/index.php/Admin/Index/%7B$smarty.const.ADMIN_CSS_URL%7Dadmin.css
ERR: 非法操作:{$smarty.const.ADMIN_CSS_URL}admin.css

[ 2015-05-05T19:19:17+08:00 ] 127.0.0.1 /nuomi/nuomi/index.php/Admin/Index/head.html
INFO: [ view_parse ] --START--
ERR: Syntax Error in template "F:/20150303/lesson/nuomi/nuomi/Admin/View\Index\head.html"  on line 5 "&lt;link href=&quot;&lt;@@smarty.const.ADMIN_CSS_URL@@&gt;admin.css&quot; type=&quot;text/css&quot; rel=&quot;stylesheet&quot; /&gt;"  - Unexpected ".", expected one of: "@@>" , " "

[ 2015-05-05T19:19:17+08:00 ] 127.0.0.1 /nuomi/nuomi/index.php/Admin/Index/%7B$smarty.const.ADMIN_CSS_URL%7Dadmin.css
ERR: 非法操作:{$smarty.const.ADMIN_CSS_URL}admin.css

[ 2015-05-05T19:19:17+08:00 ] 127.0.0.1 /nuomi/nuomi/index.php/Admin/Index/%7B$smarty.const.ADMIN_CSS_URL%7Dadmin.css
ERR: 非法操作:{$smarty.const.ADMIN_CSS_URL}admin.css

[ 2015-05-05T19:19:57+08:00 ] 127.0.0.1 /nuomi/nuomi/index.php/Admin/Index/head.html
INFO: [ view_parse ] --START--
ERR: Syntax Error in template "F:/20150303/lesson/nuomi/nuomi/Admin/View\Index\head.html"  on line 5 "&lt;link href=&quot;&lt;@@smarty.const.ADMIN_CSS_URL@@&gt;admin.css&quot; type=&quot;text/css&quot; rel=&quot;stylesheet&quot; /&gt;"  - Unexpected ".", expected one of: "@@>" , " "

[ 2015-05-05T19:19:57+08:00 ] 127.0.0.1 /nuomi/nuomi/index.php/Admin/Index/left.html
ERR: Syntax Error in template "F:/20150303/lesson/nuomi/nuomi/Admin/View\Index\left.html"  on line 5 "&lt;link href=&quot;&lt;@@.const.ADMIN_CSS_URL@@&gt;admin.css&quot; type=&quot;text/css&quot; rel=&quot;stylesheet&quot; /&gt;"  - Unexpected "const", expected one of: INTEGER

[ 2015-05-05T19:19:58+08:00 ] 127.0.0.1 /nuomi/nuomi/index.php/Admin/Index/%7B$smarty.const.ADMIN_CSS_URL%7Dadmin.css
ERR: 非法操作:{$smarty.const.ADMIN_CSS_URL}admin.css

[ 2015-05-05T19:21:01+08:00 ] 127.0.0.1 /nuomi/nuomi/index.php/Admin/Index/head.html
INFO: [ view_parse ] --START--
ERR: Syntax Error in template "F:/20150303/lesson/nuomi/nuomi/Admin/View\Index\head.html"  on line 5 "&lt;link href=&quot;&lt;@@smarty.const.ADMIN_CSS_URL@@&gt;admin.css&quot; type=&quot;text/css&quot; rel=&quot;stylesheet&quot; /&gt;"  - Unexpected ".", expected one of: "@@>" , " "

[ 2015-05-05T19:21:01+08:00 ] 127.0.0.1 /nuomi/nuomi/index.php/Admin/Index/left.html
ERR: Syntax Error in template "F:/20150303/lesson/nuomi/nuomi/Admin/View\Index\left.html"  on line 5 "&lt;link href=&quot;&lt;@@smarty.const.ADMIN_CSS_URL@@&gt;admin.css&quot; type=&quot;text/css&quot; rel=&quot;stylesheet&quot; /&gt;"  - Unexpected ".", expected one of: "@@>" , " "

[ 2015-05-05T19:21:01+08:00 ] 127.0.0.1 /nuomi/nuomi/index.php/Admin/Index/%7B$smarty.const.ADMIN_CSS_URL%7Dadmin.css
ERR: 非法操作:{$smarty.const.ADMIN_CSS_URL}admin.css

[ 2015-05-05T19:22:14+08:00 ] 127.0.0.1 /nuomi/nuomi/index.php/Admin/Index/head.html
INFO: [ view_parse ] --START--
ERR: Syntax Error in template "F:/20150303/lesson/nuomi/nuomi/Admin/View\Index\head.html"  on line 5 "&lt;link href=&quot;&lt;@@smarty.const.ADMIN_CSS_URL@@&gt;admin.css&quot; type=&quot;text/css&quot; rel=&quot;stylesheet&quot; /&gt;"  - Unexpected ".", expected one of: "@@>" , " "

[ 2015-05-05T19:22:14+08:00 ] 127.0.0.1 /nuomi/nuomi/index.php/Admin/Index/left.html
ERR: Syntax Error in template "F:/20150303/lesson/nuomi/nuomi/Admin/View\Index\left.html"  on line 5 "&lt;link href=&quot;&lt;@@smarty.const.ADMIN_CSS_URL@@&gt;admin.css&quot; type=&quot;text/css&quot; rel=&quot;stylesheet&quot; /&gt;"  - Unexpected ".", expected one of: "@@>" , " "

[ 2015-05-05T19:22:14+08:00 ] 127.0.0.1 /nuomi/nuomi/index.php/Admin/Index/%7B$smarty.const.ADMIN_CSS_URL%7Dadmin.css
ERR: 非法操作:{$smarty.const.ADMIN_CSS_URL}admin.css

[ 2015-05-05T19:24:25+08:00 ] 127.0.0.1 /nuomi/nuomi/index.php/Admin/Index/head.html
INFO: [ view_parse ] --START--
ERR: Syntax Error in template "F:/20150303/lesson/nuomi/nuomi/Admin/View\Index\head.html"  on line 5 "&lt;link href=&quot;&lt;@@smarty.const.ADMIN_CSS_URL@@&gt;admin.css&quot; type=&quot;text/css&quot; rel=&quot;stylesheet&quot; /&gt;"  - Unexpected ".", expected one of: "@@>" , " "

[ 2015-05-05T19:24:25+08:00 ] 127.0.0.1 /nuomi/nuomi/index.php/Admin/Index/left.html
ERR: Syntax Error in template "F:/20150303/lesson/nuomi/nuomi/Admin/View\Index\left.html"  on line 5 "&lt;link href=&quot;&lt;@@smarty.const.ADMIN_CSS_URL@@&gt;admin.css&quot; type=&quot;text/css&quot; rel=&quot;stylesheet&quot; /&gt;"  - Unexpected ".", expected one of: "@@>" , " "

[ 2015-05-05T19:24:26+08:00 ] 127.0.0.1 /nuomi/nuomi/index.php/Admin/Index/%7B$smarty.const.ADMIN_CSS_URL%7Dadmin.css
ERR: 非法操作:{$smarty.const.ADMIN_CSS_URL}admin.css

[ 2015-05-05T19:26:01+08:00 ] 127.0.0.1 /nuomi/nuomi/index.php/Admin/Index/head.html
INFO: [ view_parse ] --START--
ERR: Syntax Error in template "F:/20150303/lesson/nuomi/nuomi/Admin/View\Index\head.html"  on line 14 "align=middle&gt;当前用户：&lt;@@$smarty.session.admin_name} &amp;nbsp;&amp;nbsp;"  - Unexpected "}", expected one of: "@@>" , " "

[ 2015-05-05T19:26:01+08:00 ] 127.0.0.1 /nuomi/nuomi/index.php/Admin/Index/left.html
ERR: Syntax Error in template "F:/20150303/lesson/nuomi/nuomi/Admin/View\Index\left.html"  on line 46 "&lt;td&gt;&lt;a class=menuchild  href=&quot;&lt;@@$smarty.const.__MODULE__}/{$vv.auth_c}/{$vv.auth_a}&quot;"  - Unexpected "}", expected one of: "@@>" , " "

[ 2015-05-05T19:26:01+08:00 ] 127.0.0.1 /nuomi/nuomi/index.php/Admin/Index/%7B$smarty.const.ADMIN_CSS_URL%7Dadmin.css
ERR: 非法操作:{$smarty.const.ADMIN_CSS_URL}admin.css

[ 2015-05-05T19:27:04+08:00 ] 127.0.0.1 /nuomi/nuomi/index.php/Admin/Index/head.html
INFO: [ view_parse ] --START--
ERR: Syntax Error in template "F:/20150303/lesson/nuomi/nuomi/Admin/View\Index\head.html"  on line 14 "align=middle&gt;当前用户：&lt;@@$smarty.session.admin_name} &amp;nbsp;&amp;nbsp;"  - Unexpected "}", expected one of: "@@>" , " "

[ 2015-05-05T19:27:04+08:00 ] 127.0.0.1 /nuomi/nuomi/index.php/Admin/Index/left.html
ERR: Syntax Error in template "F:/20150303/lesson/nuomi/nuomi/Admin/View\Index\left.html"  on line 46 "&lt;td&gt;&lt;a class=menuchild  href=&quot;&lt;@@$smarty.const.__MODULE__}/&lt;@@$vv.auth_c@@&gt;/&lt;@@$vv.auth_a@@&gt;&quot;"  - Unexpected "}", expected one of: "@@>" , " "

[ 2015-05-05T19:27:04+08:00 ] 127.0.0.1 /nuomi/nuomi/index.php/Admin/Index/%7B$smarty.const.ADMIN_CSS_URL%7Dadmin.css
ERR: 非法操作:{$smarty.const.ADMIN_CSS_URL}admin.css

[ 2015-05-05T19:27:51+08:00 ] 127.0.0.1 /nuomi/nuomi/index.php/Admin/Index/head.html
INFO: [ view_parse ] --START--
ERR: Syntax Error in template "F:/20150303/lesson/nuomi/nuomi/Admin/View\Index\head.html"  on line 14 "align=middle&gt;当前用户：&lt;@@$smarty.session.admin_name} &amp;nbsp;&amp;nbsp;"  - Unexpected "}", expected one of: "@@>" , " "

[ 2015-05-05T19:27:51+08:00 ] 127.0.0.1 /nuomi/nuomi/index.php/Admin/Index/%7B$smarty.const.ADMIN_CSS_URL%7Dadmin.css
ERR: 非法操作:{$smarty.const.ADMIN_CSS_URL}admin.css

[ 2015-05-05T19:28:27+08:00 ] 127.0.0.1 /nuomi/nuomi/index.php/Admin/Index/head.html
INFO: [ view_parse ] --START--
ERR: Syntax Error in template "F:/20150303/lesson/nuomi/nuomi/Admin/View\Index\head.html"  on line 14 "align=middle&gt;当前用户：&lt;@@$smarty.session.admin_name} &amp;nbsp;&amp;nbsp;"  - Unexpected "}", expected one of: "@@>" , " "

[ 2015-05-05T19:29:05+08:00 ] 127.0.0.1 /nuomi/nuomi/index.php/Admin/Index/head.html
INFO: [ view_parse ] --START--
ERR: Syntax Error in template "F:/20150303/lesson/nuomi/nuomi/Admin/View\Index\head.html"  on line 14 "align=middle&gt;当前用户：&lt;@@$smarty.session.admin_name} &amp;nbsp;&amp;nbsp;"  - Unexpected "}", expected one of: "@@>" , " "

[ 2015-05-05T19:31:23+08:00 ] 127.0.0.1 /nuomi/nuomi/index.php/Admin/Index/head.html
INFO: [ view_parse ] --START--
ERR: Syntax Error in template "F:/20150303/lesson/nuomi/nuomi/Admin/View\Index\head.html"  on line 14 "align=middle&gt;当前用户：&lt;@@$smarty.session.admin_name} &amp;nbsp;&amp;nbsp;"  - Unexpected "}", expected one of: "@@>" , " "

[ 2015-05-05T19:31:50+08:00 ] 127.0.0.1 /nuomi/nuomi/index.php/Admin/Index/head.html
INFO: [ view_parse ] --START--
ERR: Syntax Error in template "F:/20150303/lesson/nuomi/nuomi/Admin/View\Index\head.html"  on line 14 "align=middle&gt;当前用户：&lt;@@$smarty.session.admin_name} &amp;nbsp;&amp;nbsp;"  - Unexpected "}", expected one of: "@@>" , " "

[ 2015-05-05T19:32:52+08:00 ] 127.0.0.1 /nuomi/nuomi/index.php/Admin/Index/head.html
INFO: [ view_parse ] --START--
ERR: Syntax Error in template "F:/20150303/lesson/nuomi/nuomi/Admin/View\Index\head.html"  on line 14 "align=middle&gt;当前用户：&lt;@@$smarty.session.admin_name} &amp;nbsp;&amp;nbsp;"  - Unexpected "}", expected one of: "@@>" , " "

[ 2015-05-05T19:33:28+08:00 ] 127.0.0.1 /nuomi/nuomi/index.php/Admin/Index/head.html
INFO: [ view_parse ] --START--
ERR: Syntax Error in template "F:/20150303/lesson/nuomi/nuomi/Admin/View\Index\head.html"  on line 14 "align=middle&gt;当前用户：&lt;@@$smarty.session.admin_name} &amp;nbsp;&amp;nbsp;"  - Unexpected "}", expected one of: "@@>" , " "

[ 2015-05-05T19:35:41+08:00 ] 127.0.0.1 /nuomi/nuomi/index.php/Admin/Index/head.html
INFO: [ view_parse ] --START--
INFO: Run Behavior\ParseTemplateBehavior [ RunTime:0.058854s ]
INFO: [ view_parse ] --END-- [ RunTime:0.060368s ]
INFO: [ view_filter ] --START--
INFO: Run Behavior\WriteHtmlCacheBehavior [ RunTime:0.000563s ]
INFO: Run Behavior\ShowRuntimeBehavior [ RunTime:0.000479s ]
INFO: [ view_filter ] --END-- [ RunTime:0.001154s ]
INFO: [ app_end ] --START--
INFO: Run Behavior\ShowPageTraceBehavior [ RunTime:0.000635s ]
INFO: [ app_end ] --END-- [ RunTime:0.000699s ]
NOTIC: [2] ini_set() [<a href='function.ini-set'>function.ini-set</a>]: A session is active. You cannot change the session module's ini settings at this time F:\20150303\lesson\nuomi\nuomi\index.php 第 30 行.

[ 2015-05-05T19:35:59+08:00 ] 127.0.0.1 /nuomi/nuomi/index.php/Admin/Index/head.html
INFO: [ view_parse ] --START--
INFO: Run Behavior\ParseTemplateBehavior [ RunTime:0.012282s ]
INFO: [ view_parse ] --END-- [ RunTime:0.013268s ]
INFO: [ view_filter ] --START--
INFO: Run Behavior\WriteHtmlCacheBehavior [ RunTime:0.000678s ]
INFO: Run Behavior\ShowRuntimeBehavior [ RunTime:0.000928s ]
INFO: [ view_filter ] --END-- [ RunTime:0.001772s ]
INFO: [ app_end ] --START--
INFO: Run Behavior\ShowPageTraceBehavior [ RunTime:0.000750s ]
INFO: [ app_end ] --END-- [ RunTime:0.000848s ]
NOTIC: [2] ini_set() [<a href='function.ini-set'>function.ini-set</a>]: A session is active. You cannot change the session module's ini settings at this time F:\20150303\lesson\nuomi\nuomi\index.php 第 30 行.

[ 2015-05-05T20:05:05+08:00 ] 127.0.0.1 /nuomi/nuomi/index.php/Admin/Index/head.html
INFO: [ view_parse ] --START--
INFO: Run Behavior\ParseTemplateBehavior [ RunTime:0.016697s ]
INFO: [ view_parse ] --END-- [ RunTime:0.017449s ]
INFO: [ view_filter ] --START--
INFO: Run Behavior\WriteHtmlCacheBehavior [ RunTime:0.000458s ]
INFO: Run Behavior\ShowRuntimeBehavior [ RunTime:0.000632s ]
INFO: [ view_filter ] --END-- [ RunTime:0.001239s ]
INFO: [ app_end ] --START--
INFO: Run Behavior\ShowPageTraceBehavior [ RunTime:0.000886s ]
INFO: [ app_end ] --END-- [ RunTime:0.000983s ]
NOTIC: [2] ini_set() [<a href='function.ini-set'>function.ini-set</a>]: A session is active. You cannot change the session module's ini settings at this time F:\20150303\lesson\nuomi\nuomi\index.php 第 30 行.

[ 2015-05-05T22:39:07+08:00 ] 127.0.0.1 /nuomi/nuomi/index.php/Admin/Index/head.html
INFO: [ view_parse ] --START--
INFO: Run Behavior\ParseTemplateBehavior [ RunTime:0.011168s ]
INFO: [ view_parse ] --END-- [ RunTime:0.011673s ]
INFO: [ view_filter ] --START--
INFO: Run Behavior\WriteHtmlCacheBehavior [ RunTime:0.000354s ]
INFO: Run Behavior\ShowRuntimeBehavior [ RunTime:0.000481s ]
INFO: [ view_filter ] --END-- [ RunTime:0.000951s ]
INFO: [ app_end ] --START--
INFO: Run Behavior\ShowPageTraceBehavior [ RunTime:0.000577s ]
INFO: [ app_end ] --END-- [ RunTime:0.000641s ]
NOTIC: [2] ini_set() [<a href='function.ini-set'>function.ini-set</a>]: A session is active. You cannot change the session module's ini settings at this time F:\20150303\lesson\nuomi\nuomi\index.php 第 30 行.

[ 2015-05-05T22:39:13+08:00 ] 127.0.0.1 /nuomi/nuomi/index.php/Admin/Goods/showlist
ERR: SQLSTATE[42S02]: Base table or view not found: 1146 Table 'nuomi.nm_goods' doesn't exist

[ 2015-05-05T22:39:33+08:00 ] 127.0.0.1 /nuomi/nuomi/index.php/Admin/Role/%7B$smarty.const.ADMIN_CSS_URL%7Dmine.css
ERR: 非法操作:{$smarty.const.ADMIN_CSS_URL}mine.css

[ 2015-05-05T22:41:06+08:00 ] 127.0.0.1 /nuomi/nuomi/index.php/Admin/Index/head.html
INFO: [ view_parse ] --START--
INFO: Run Behavior\ParseTemplateBehavior [ RunTime:0.016004s ]
INFO: [ view_parse ] --END-- [ RunTime:0.016952s ]
INFO: [ view_filter ] --START--
INFO: Run Behavior\WriteHtmlCacheBehavior [ RunTime:0.000401s ]
INFO: Run Behavior\ShowRuntimeBehavior [ RunTime:0.001469s ]
INFO: [ view_filter ] --END-- [ RunTime:0.002032s ]
INFO: [ app_end ] --START--
INFO: Run Behavior\ShowPageTraceBehavior [ RunTime:0.001592s ]
INFO: [ app_end ] --END-- [ RunTime:0.001770s ]
NOTIC: [2] ini_set() [<a href='function.ini-set'>function.ini-set</a>]: A session is active. You cannot change the session module's ini settings at this time F:\20150303\lesson\nuomi\nuomi\index.php 第 30 行.

[ 2015-05-05T22:41:08+08:00 ] 127.0.0.1 /nuomi/nuomi/index.php/Admin/Role/%7B$smarty.const.ADMIN_CSS_URL%7Dmine.css
ERR: 非法操作:{$smarty.const.ADMIN_CSS_URL}mine.css

[ 2015-05-05T22:42:19+08:00 ] 127.0.0.1 /nuomi/nuomi/index.php/Admin/Index/head.html
INFO: [ view_parse ] --START--
INFO: Run Behavior\ParseTemplateBehavior [ RunTime:0.016349s ]
INFO: [ view_parse ] --END-- [ RunTime:0.016936s ]
INFO: [ view_filter ] --START--
INFO: Run Behavior\WriteHtmlCacheBehavior [ RunTime:0.000292s ]
INFO: Run Behavior\ShowRuntimeBehavior [ RunTime:0.000369s ]
INFO: [ view_filter ] --END-- [ RunTime:0.000759s ]
INFO: [ app_end ] --START--
INFO: Run Behavior\ShowPageTraceBehavior [ RunTime:0.000549s ]
INFO: [ app_end ] --END-- [ RunTime:0.000612s ]
NOTIC: [2] ini_set() [<a href='function.ini-set'>function.ini-set</a>]: A session is active. You cannot change the session module's ini settings at this time F:\20150303\lesson\nuomi\nuomi\index.php 第 30 行.

[ 2015-05-05T22:43:15+08:00 ] 127.0.0.1 /nuomi/nuomi/index.php/Admin/Index/head.html
INFO: [ view_parse ] --START--
INFO: Run Behavior\ParseTemplateBehavior [ RunTime:0.010716s ]
INFO: [ view_parse ] --END-- [ RunTime:0.011273s ]
INFO: [ view_filter ] --START--
INFO: Run Behavior\WriteHtmlCacheBehavior [ RunTime:0.000553s ]
INFO: Run Behavior\ShowRuntimeBehavior [ RunTime:0.000574s ]
INFO: [ view_filter ] --END-- [ RunTime:0.001296s ]
INFO: [ app_end ] --START--
INFO: Run Behavior\ShowPageTraceBehavior [ RunTime:0.001098s ]
INFO: [ app_end ] --END-- [ RunTime:0.001191s ]
NOTIC: [2] ini_set() [<a href='function.ini-set'>function.ini-set</a>]: A session is active. You cannot change the session module's ini settings at this time F:\20150303\lesson\nuomi\nuomi\index.php 第 30 行.

[ 2015-05-05T22:43:27+08:00 ] 127.0.0.1 /nuomi/nuomi/index.php/Admin/Role/tianjia
ERR: 非法操作:tianjia

[ 2015-05-05T22:43:46+08:00 ] 127.0.0.1 /nuomi/nuomi/index.php/Admin/Auth/%7B$smarty.const.ADMIN_CSS_URL%7Dmine.css
ERR: 非法操作:{$smarty.const.ADMIN_CSS_URL}mine.css

[ 2015-05-05T22:45:27+08:00 ] 127.0.0.1 /nuomi/nuomi/index.php/Admin/Index/head.html
INFO: [ view_parse ] --START--
INFO: Run Behavior\ParseTemplateBehavior [ RunTime:0.010291s ]
INFO: [ view_parse ] --END-- [ RunTime:0.010779s ]
INFO: [ view_filter ] --START--
INFO: Run Behavior\WriteHtmlCacheBehavior [ RunTime:0.000279s ]
INFO: Run Behavior\ShowRuntimeBehavior [ RunTime:0.000372s ]
INFO: [ view_filter ] --END-- [ RunTime:0.000747s ]
INFO: [ app_end ] --START--
INFO: Run Behavior\ShowPageTraceBehavior [ RunTime:0.000539s ]
INFO: [ app_end ] --END-- [ RunTime:0.000601s ]
NOTIC: [2] ini_set() [<a href='function.ini-set'>function.ini-set</a>]: A session is active. You cannot change the session module's ini settings at this time F:\20150303\lesson\nuomi\nuomi\index.php 第 30 行.

[ 2015-05-05T22:45:31+08:00 ] 127.0.0.1 /nuomi/nuomi/index.php/Admin/Auth/%7B$smarty.const.ADMIN_CSS_URL%7Dmine.css
ERR: 非法操作:{$smarty.const.ADMIN_CSS_URL}mine.css

[ 2015-05-05T22:45:32+08:00 ] 127.0.0.1 /nuomi/nuomi/index.php/Admin/Manager/showlist
ERR: 非法操作:showlist

[ 2015-05-05T22:45:34+08:00 ] 127.0.0.1 /nuomi/nuomi/index.php/Admin/Auth/%7B$smarty.const.ADMIN_CSS_URL%7Dmine.css
ERR: 非法操作:{$smarty.const.ADMIN_CSS_URL}mine.css

[ 2015-05-05T22:45:53+08:00 ] 127.0.0.1 /nuomi/nuomi/index.php/Admin/Index/head.html
INFO: [ view_parse ] --START--
INFO: Run Behavior\ParseTemplateBehavior [ RunTime:0.011877s ]
INFO: [ view_parse ] --END-- [ RunTime:0.012320s ]
INFO: [ view_filter ] --START--
INFO: Run Behavior\WriteHtmlCacheBehavior [ RunTime:0.000283s ]
INFO: Run Behavior\ShowRuntimeBehavior [ RunTime:0.000421s ]
INFO: [ view_filter ] --END-- [ RunTime:0.000802s ]
INFO: [ app_end ] --START--
INFO: Run Behavior\ShowPageTraceBehavior [ RunTime:0.000694s ]
INFO: [ app_end ] --END-- [ RunTime:0.000781s ]
NOTIC: [2] ini_set() [<a href='function.ini-set'>function.ini-set</a>]: A session is active. You cannot change the session module's ini settings at this time F:\20150303\lesson\nuomi\nuomi\index.php 第 30 行.

[ 2015-05-05T22:45:56+08:00 ] 127.0.0.1 /nuomi/nuomi/index.php/Admin/Manager/showlist
ERR: 非法操作:showlist

[ 2015-05-05T22:45:57+08:00 ] 127.0.0.1 /nuomi/nuomi/index.php/Admin/Auth/%7B$smarty.const.ADMIN_CSS_URL%7Dmine.css
ERR: 非法操作:{$smarty.const.ADMIN_CSS_URL}mine.css

[ 2015-05-05T22:47:20+08:00 ] 127.0.0.1 /nuomi/nuomi/index.php/Admin/Index/head.html
INFO: [ view_parse ] --START--
INFO: Run Behavior\ParseTemplateBehavior [ RunTime:0.012146s ]
INFO: [ view_parse ] --END-- [ RunTime:0.012651s ]
INFO: [ view_filter ] --START--
INFO: Run Behavior\WriteHtmlCacheBehavior [ RunTime:0.000323s ]
INFO: Run Behavior\ShowRuntimeBehavior [ RunTime:0.000415s ]
INFO: [ view_filter ] --END-- [ RunTime:0.000833s ]
INFO: [ app_end ] --START--
INFO: Run Behavior\ShowPageTraceBehavior [ RunTime:0.000536s ]
INFO: [ app_end ] --END-- [ RunTime:0.000598s ]
NOTIC: [2] ini_set() [<a href='function.ini-set'>function.ini-set</a>]: A session is active. You cannot change the session module's ini settings at this time F:\20150303\lesson\nuomi\nuomi\index.php 第 30 行.

[ 2015-05-05T22:47:22+08:00 ] 127.0.0.1 /nuomi/nuomi/index.php/Admin/Auth/%7B$smarty.const.ADMIN_CSS_URL%7Dmine.css
ERR: 非法操作:{$smarty.const.ADMIN_CSS_URL}mine.css

[ 2015-05-05T22:48:26+08:00 ] 127.0.0.1 /nuomi/nuomi/index.php/Admin/Index/head.html
INFO: [ view_parse ] --START--
INFO: Run Behavior\ParseTemplateBehavior [ RunTime:0.012836s ]
INFO: [ view_parse ] --END-- [ RunTime:0.013585s ]
INFO: [ view_filter ] --START--
INFO: Run Behavior\WriteHtmlCacheBehavior [ RunTime:0.000919s ]
INFO: Run Behavior\ShowRuntimeBehavior [ RunTime:0.000752s ]
INFO: [ view_filter ] --END-- [ RunTime:0.001838s ]
INFO: [ app_end ] --START--
INFO: Run Behavior\ShowPageTraceBehavior [ RunTime:0.000797s ]
INFO: [ app_end ] --END-- [ RunTime:0.000879s ]
NOTIC: [2] ini_set() [<a href='function.ini-set'>function.ini-set</a>]: A session is active. You cannot change the session module's ini settings at this time F:\20150303\lesson\nuomi\nuomi\index.php 第 30 行.

[ 2015-05-05T22:48:28+08:00 ] 127.0.0.1 /nuomi/nuomi/index.php/Admin/Auth/%7B$smarty.const.ADMIN_CSS_URL%7Dmine.css
ERR: 非法操作:{$smarty.const.ADMIN_CSS_URL}mine.css

[ 2015-05-05T22:48:33+08:00 ] 127.0.0.1 /nuomi/nuomi/index.php/Admin/Auth/%7B$smarty.const.ADMIN_CSS_URL%7Dmine.css
ERR: 非法操作:{$smarty.const.ADMIN_CSS_URL}mine.css

[ 2015-05-05T22:50:50+08:00 ] 127.0.0.1 /nuomi/nuomi/index.php/Admin/Auth/%7B$smarty.const.ADMIN_CSS_URL%7Dmine.css
ERR: 非法操作:{$smarty.const.ADMIN_CSS_URL}mine.css

[ 2015-05-05T22:51:04+08:00 ] 127.0.0.1 /nuomi/nuomi/index.php/Admin/Auth/%7B$smarty.const.ADMIN_CSS_URL%7Dmine.css
ERR: 非法操作:{$smarty.const.ADMIN_CSS_URL}mine.css

[ 2015-05-05T22:51:38+08:00 ] 127.0.0.1 /nuomi/nuomi/index.php/Admin/Index/head.html
INFO: [ view_parse ] --START--
INFO: Run Behavior\ParseTemplateBehavior [ RunTime:0.012493s ]
INFO: [ view_parse ] --END-- [ RunTime:0.013179s ]
INFO: [ view_filter ] --START--
INFO: Run Behavior\WriteHtmlCacheBehavior [ RunTime:0.001124s ]
INFO: Run Behavior\ShowRuntimeBehavior [ RunTime:0.000742s ]
INFO: [ view_filter ] --END-- [ RunTime:0.002157s ]
INFO: [ app_end ] --START--
INFO: Run Behavior\ShowPageTraceBehavior [ RunTime:0.001074s ]
INFO: [ app_end ] --END-- [ RunTime:0.001156s ]
NOTIC: [2] ini_set() [<a href='function.ini-set'>function.ini-set</a>]: A session is active. You cannot change the session module's ini settings at this time F:\20150303\lesson\nuomi\nuomi\index.php 第 30 行.

[ 2015-05-05T22:51:42+08:00 ] 127.0.0.1 /nuomi/nuomi/index.php/Admin/Manager/showlist
ERR: 非法操作:showlist

[ 2015-05-05T22:51:45+08:00 ] 127.0.0.1 /nuomi/nuomi/index.php/Admin/Auth/%7B$smarty.const.ADMIN_CSS_URL%7Dmine.css
ERR: 非法操作:{$smarty.const.ADMIN_CSS_URL}mine.css

[ 2015-05-05T22:52:43+08:00 ] 127.0.0.1 /nuomi/nuomi/index.php/Admin/Index/head.html
INFO: [ view_parse ] --START--
INFO: Run Behavior\ParseTemplateBehavior [ RunTime:0.016281s ]
INFO: [ view_parse ] --END-- [ RunTime:0.017591s ]
INFO: [ view_filter ] --START--
INFO: Run Behavior\WriteHtmlCacheBehavior [ RunTime:0.000640s ]
INFO: Run Behavior\ShowRuntimeBehavior [ RunTime:0.000815s ]
INFO: [ view_filter ] --END-- [ RunTime:0.001606s ]
INFO: [ app_end ] --START--
INFO: Run Behavior\ShowPageTraceBehavior [ RunTime:0.000563s ]
INFO: [ app_end ] --END-- [ RunTime:0.000625s ]
NOTIC: [2] ini_set() [<a href='function.ini-set'>function.ini-set</a>]: A session is active. You cannot change the session module's ini settings at this time F:\20150303\lesson\nuomi\nuomi\index.php 第 30 行.

[ 2015-05-05T22:52:45+08:00 ] 127.0.0.1 /nuomi/nuomi/index.php/Admin/Auth/%7B$smarty.const.ADMIN_CSS_URL%7Dmine.css
ERR: 非法操作:{$smarty.const.ADMIN_CSS_URL}mine.css

[ 2015-05-05T22:54:07+08:00 ] 127.0.0.1 /nuomi/nuomi/index.php/Admin/Index/head.html
INFO: [ view_parse ] --START--
INFO: Run Behavior\ParseTemplateBehavior [ RunTime:0.015406s ]
INFO: [ view_parse ] --END-- [ RunTime:0.016345s ]
INFO: [ view_filter ] --START--
INFO: Run Behavior\WriteHtmlCacheBehavior [ RunTime:0.000318s ]
INFO: Run Behavior\ShowRuntimeBehavior [ RunTime:0.000430s ]
INFO: [ view_filter ] --END-- [ RunTime:0.000845s ]
INFO: [ app_end ] --START--
INFO: Run Behavior\ShowPageTraceBehavior [ RunTime:0.000547s ]
INFO: [ app_end ] --END-- [ RunTime:0.000609s ]
NOTIC: [2] ini_set() [<a href='function.ini-set'>function.ini-set</a>]: A session is active. You cannot change the session module's ini settings at this time F:\20150303\lesson\nuomi\nuomi\index.php 第 30 行.

[ 2015-05-05T22:54:09+08:00 ] 127.0.0.1 /nuomi/nuomi/index.php/Admin/Auth/%7B$smarty.const.ADMIN_CSS_URL%7Dmine.css
ERR: 非法操作:{$smarty.const.ADMIN_CSS_URL}mine.css

[ 2015-05-05T22:55:18+08:00 ] 127.0.0.1 /nuomi/nuomi/index.php/Admin/Index/head.html
INFO: [ view_parse ] --START--
INFO: Run Behavior\ParseTemplateBehavior [ RunTime:0.013057s ]
INFO: [ view_parse ] --END-- [ RunTime:0.013563s ]
INFO: [ view_filter ] --START--
INFO: Run Behavior\WriteHtmlCacheBehavior [ RunTime:0.000334s ]
INFO: Run Behavior\ShowRuntimeBehavior [ RunTime:0.000416s ]
INFO: [ view_filter ] --END-- [ RunTime:0.000848s ]
INFO: [ app_end ] --START--
INFO: Run Behavior\ShowPageTraceBehavior [ RunTime:0.000549s ]
INFO: [ app_end ] --END-- [ RunTime:0.000610s ]
NOTIC: [2] ini_set() [<a href='function.ini-set'>function.ini-set</a>]: A session is active. You cannot change the session module's ini settings at this time F:\20150303\lesson\nuomi\nuomi\index.php 第 30 行.

[ 2015-05-05T22:55:20+08:00 ] 127.0.0.1 /nuomi/nuomi/index.php/Admin/Auth/%7B$smarty.const.ADMIN_CSS_URL%7Dmine.css
ERR: 非法操作:{$smarty.const.ADMIN_CSS_URL}mine.css

[ 2015-05-05T22:55:26+08:00 ] 127.0.0.1 /nuomi/nuomi/index.php/Admin/Index/head.html
INFO: [ view_parse ] --START--
INFO: Run Behavior\ParseTemplateBehavior [ RunTime:0.013676s ]
INFO: [ view_parse ] --END-- [ RunTime:0.014314s ]
INFO: [ view_filter ] --START--
INFO: Run Behavior\WriteHtmlCacheBehavior [ RunTime:0.000353s ]
INFO: Run Behavior\ShowRuntimeBehavior [ RunTime:0.000433s ]
INFO: [ view_filter ] --END-- [ RunTime:0.000876s ]
INFO: [ app_end ] --START--
INFO: Run Behavior\ShowPageTraceBehavior [ RunTime:0.000552s ]
INFO: [ app_end ] --END-- [ RunTime:0.000610s ]
NOTIC: [2] ini_set() [<a href='function.ini-set'>function.ini-set</a>]: A session is active. You cannot change the session module's ini settings at this time F:\20150303\lesson\nuomi\nuomi\index.php 第 30 行.

[ 2015-05-05T22:55:29+08:00 ] 127.0.0.1 /nuomi/nuomi/index.php/Admin/Auth/%7B$smarty.const.ADMIN_CSS_URL%7Dmine.css
ERR: 非法操作:{$smarty.const.ADMIN_CSS_URL}mine.css

[ 2015-05-05T22:55:31+08:00 ] 127.0.0.1 /nuomi/nuomi/index.php/Admin/Manager/showlist
ERR: 非法操作:showlist

[ 2015-05-05T23:06:31+08:00 ] 127.0.0.1 /nuomi/nuomi/index.php/Admin/Auth/%7B$smarty.const.ADMIN_CSS_URL%7Dmine.css
ERR: 非法操作:{$smarty.const.ADMIN_CSS_URL}mine.css

[ 2015-05-05T23:06:50+08:00 ] 127.0.0.1 /nuomi/nuomi/index.php/Admin/Role/tianjia
ERR: 非法操作:tianjia

[ 2015-05-05T23:07:46+08:00 ] 127.0.0.1 /nuomi/nuomi/index.php/Admin/Auth/%7B$smarty.const.ADMIN_CSS_URL%7Dmine.css
ERR: 非法操作:{$smarty.const.ADMIN_CSS_URL}mine.css

[ 2015-05-05T23:07:50+08:00 ] 127.0.0.1 /nuomi/nuomi/index.php/Admin/Role/%7B$smarty.const.ADMIN_CSS_URL%7Dmine.css
ERR: 非法操作:{$smarty.const.ADMIN_CSS_URL}mine.css

[ 2015-05-05T23:09:39+08:00 ] 127.0.0.1 /nuomi/nuomi/index.php/Admin/Index/head.html
INFO: [ view_parse ] --START--
INFO: Run Behavior\ParseTemplateBehavior [ RunTime:0.013075s ]
INFO: [ view_parse ] --END-- [ RunTime:0.013538s ]
INFO: [ view_filter ] --START--
INFO: Run Behavior\WriteHtmlCacheBehavior [ RunTime:0.000325s ]
INFO: Run Behavior\ShowRuntimeBehavior [ RunTime:0.001018s ]
INFO: [ view_filter ] --END-- [ RunTime:0.001512s ]
INFO: [ app_end ] --START--
INFO: Run Behavior\ShowPageTraceBehavior [ RunTime:0.001099s ]
INFO: [ app_end ] --END-- [ RunTime:0.001286s ]
NOTIC: [2] ini_set() [<a href='function.ini-set'>function.ini-set</a>]: A session is active. You cannot change the session module's ini settings at this time F:\20150303\lesson\nuomi\nuomi\index.php 第 30 行.

[ 2015-05-05T23:10:56+08:00 ] 127.0.0.1 /nuomi/nuomi/index.php/Admin/Role/upd/goods_id/
ERR: 非法操作:upd

[ 2015-05-05T23:10:59+08:00 ] 127.0.0.1 /nuomi/nuomi/index.php/Admin/Auth/%7B$smarty.const.ADMIN_CSS_URL%7Dmine.css
ERR: 非法操作:{$smarty.const.ADMIN_CSS_URL}mine.css

[ 2015-05-05T23:11:19+08:00 ] 127.0.0.1 /nuomi/nuomi/index.php/Admin/Role/upd/goods_id/
ERR: 非法操作:upd

[ 2015-05-05T23:12:35+08:00 ] 127.0.0.1 /nuomi/nuomi/index.php/Admin/Index/head.html
INFO: [ view_parse ] --START--
INFO: Run Behavior\ParseTemplateBehavior [ RunTime:0.014452s ]
INFO: [ view_parse ] --END-- [ RunTime:0.015005s ]
INFO: [ view_filter ] --START--
INFO: Run Behavior\WriteHtmlCacheBehavior [ RunTime:0.000534s ]
INFO: Run Behavior\ShowRuntimeBehavior [ RunTime:0.000618s ]
INFO: [ view_filter ] --END-- [ RunTime:0.001250s ]
INFO: [ app_end ] --START--
INFO: Run Behavior\ShowPageTraceBehavior [ RunTime:0.001001s ]
INFO: [ app_end ] --END-- [ RunTime:0.001068s ]
NOTIC: [2] ini_set() [<a href='function.ini-set'>function.ini-set</a>]: A session is active. You cannot change the session module's ini settings at this time F:\20150303\lesson\nuomi\nuomi\index.php 第 30 行.

[ 2015-05-05T23:12:38+08:00 ] 127.0.0.1 /nuomi/nuomi/index.php/Admin/Auth/%7B$smarty.const.ADMIN_CSS_URL%7Dmine.css
ERR: 非法操作:{$smarty.const.ADMIN_CSS_URL}mine.css

[ 2015-05-05T23:17:07+08:00 ] 127.0.0.1 /nuomi/nuomi/index.php/Admin/Role/upd/goods_id/
ERR: 参数错误或者未定义:role_id

[ 2015-05-05T23:17:13+08:00 ] 127.0.0.1 /nuomi/nuomi/index.php/Admin/Role/upd/goods_id/
ERR: 参数错误或者未定义:role_id

[ 2015-05-05T23:21:31+08:00 ] 127.0.0.1 /nuomi/nuomi/index.php/Admin/Role/upd/goods_id/
ERR: 参数错误或者未定义:role_id

[ 2015-05-05T23:23:41+08:00 ] 127.0.0.1 /nuomi/nuomi/index.php/Admin/Role/upd/goods_id/
ERR: 参数错误或者未定义:role_id

[ 2015-05-05T23:23:46+08:00 ] 127.0.0.1 /nuomi/nuomi/index.php/Admin/Index/head.html
INFO: [ view_parse ] --START--
INFO: Run Behavior\ParseTemplateBehavior [ RunTime:0.013326s ]
INFO: [ view_parse ] --END-- [ RunTime:0.014369s ]
INFO: [ view_filter ] --START--
INFO: Run Behavior\WriteHtmlCacheBehavior [ RunTime:0.000282s ]
INFO: Run Behavior\ShowRuntimeBehavior [ RunTime:0.000372s ]
INFO: [ view_filter ] --END-- [ RunTime:0.000751s ]
INFO: [ app_end ] --START--
INFO: Run Behavior\ShowPageTraceBehavior [ RunTime:0.000555s ]
INFO: [ app_end ] --END-- [ RunTime:0.000616s ]
NOTIC: [2] ini_set() [<a href='function.ini-set'>function.ini-set</a>]: A session is active. You cannot change the session module's ini settings at this time F:\20150303\lesson\nuomi\nuomi\index.php 第 30 行.

[ 2015-05-05T23:23:49+08:00 ] 127.0.0.1 /nuomi/nuomi/index.php/Admin/Role/upd/goods_id/
ERR: 参数错误或者未定义:role_id

[ 2015-05-05T23:25:57+08:00 ] 127.0.0.1 /nuomi/nuomi/index.php/Admin/Auth/%7B$smarty.const.ADMIN_CSS_URL%7Dmine.css
ERR: 非法操作:{$smarty.const.ADMIN_CSS_URL}mine.css

[ 2015-05-05T23:26:24+08:00 ] 127.0.0.1 /nuomi/nuomi/index.php/Admin/Role/upd/goods_id/
ERR: 参数错误或者未定义:role_id

[ 2015-05-05T23:29:25+08:00 ] 127.0.0.1 /nuomi/nuomi/index.php/Admin/Auth/%7B$smarty.const.ADMIN_CSS_URL%7Dmine.css
ERR: 非法操作:{$smarty.const.ADMIN_CSS_URL}mine.css

[ 2015-05-05T23:29:27+08:00 ] 127.0.0.1 /nuomi/nuomi/index.php/Admin/Manager/showlist
ERR: 非法操作:showlist

[ 2015-05-05T23:31:06+08:00 ] 127.0.0.1 /nuomi/nuomi/index.php/Admin/Manager/%7B$smarty.const.ADMIN_CSS_URL%7Dmine.css
ERR: 非法操作:{$smarty.const.ADMIN_CSS_URL}mine.css

[ 2015-05-05T23:31:06+08:00 ] 127.0.0.1 /nuomi/nuomi/index.php/Admin/Manager/%7B$smarty.const.SITE_URL%7D%7B$v.goods_small_img%7D
ERR: 非法操作:{$smarty.const.SITE_URL}{$v.goods_small_img}

[ 2015-05-05T23:31:07+08:00 ] 127.0.0.1 /nuomi/nuomi/index.php/Admin/Manager/%7B$smarty.const.SITE_URL%7D%7B$v.goods_big_img%7D
ERR: 非法操作:{$smarty.const.SITE_URL}{$v.goods_big_img}

[ 2015-05-05T23:31:35+08:00 ] 127.0.0.1 /nuomi/nuomi/index.php/Admin/Manager/%7B$smarty.const.ADMIN_CSS_URL%7Dmine.css
ERR: 非法操作:{$smarty.const.ADMIN_CSS_URL}mine.css

[ 2015-05-05T23:31:41+08:00 ] 127.0.0.1 /nuomi/nuomi/index.php/Admin/Index/head.html
INFO: [ view_parse ] --START--
INFO: Run Behavior\ParseTemplateBehavior [ RunTime:0.012175s ]
INFO: [ view_parse ] --END-- [ RunTime:0.012657s ]
INFO: [ view_filter ] --START--
INFO: Run Behavior\WriteHtmlCacheBehavior [ RunTime:0.000282s ]
INFO: Run Behavior\ShowRuntimeBehavior [ RunTime:0.000375s ]
INFO: [ view_filter ] --END-- [ RunTime:0.000753s ]
INFO: [ app_end ] --START--
INFO: Run Behavior\ShowPageTraceBehavior [ RunTime:0.000538s ]
INFO: [ app_end ] --END-- [ RunTime:0.000602s ]
NOTIC: [2] ini_set() [<a href='function.ini-set'>function.ini-set</a>]: A session is active. You cannot change the session module's ini settings at this time F:\20150303\lesson\nuomi\nuomi\index.php 第 30 行.

[ 2015-05-05T23:31:42+08:00 ] 127.0.0.1 /nuomi/nuomi/index.php/Admin/Manager/%7B$smarty.const.ADMIN_CSS_URL%7Dmine.css
ERR: 非法操作:{$smarty.const.ADMIN_CSS_URL}mine.css

[ 2015-05-05T23:33:18+08:00 ] 127.0.0.1 /nuomi/nuomi/index.php/Admin/Index/head.html
INFO: [ view_parse ] --START--
INFO: Run Behavior\ParseTemplateBehavior [ RunTime:0.014140s ]
INFO: [ view_parse ] --END-- [ RunTime:0.014744s ]
INFO: [ view_filter ] --START--
INFO: Run Behavior\WriteHtmlCacheBehavior [ RunTime:0.000973s ]
INFO: Run Behavior\ShowRuntimeBehavior [ RunTime:0.000423s ]
INFO: [ view_filter ] --END-- [ RunTime:0.001563s ]
INFO: [ app_end ] --START--
INFO: Run Behavior\ShowPageTraceBehavior [ RunTime:0.000580s ]
INFO: [ app_end ] --END-- [ RunTime:0.000644s ]
NOTIC: [2] ini_set() [<a href='function.ini-set'>function.ini-set</a>]: A session is active. You cannot change the session module's ini settings at this time F:\20150303\lesson\nuomi\nuomi\index.php 第 30 行.

[ 2015-05-05T23:33:20+08:00 ] 127.0.0.1 /nuomi/nuomi/index.php/Admin/Manager/%7B$smarty.const.ADMIN_CSS_URL%7Dmine.css
ERR: 非法操作:{$smarty.const.ADMIN_CSS_URL}mine.css

[ 2015-05-05T23:34:14+08:00 ] 127.0.0.1 /nuomi/nuomi/index.php/Admin/Index/head.html
INFO: [ view_parse ] --START--
INFO: Run Behavior\ParseTemplateBehavior [ RunTime:0.016240s ]
INFO: [ view_parse ] --END-- [ RunTime:0.017022s ]
INFO: [ view_filter ] --START--
INFO: Run Behavior\WriteHtmlCacheBehavior [ RunTime:0.000724s ]
INFO: Run Behavior\ShowRuntimeBehavior [ RunTime:0.000799s ]
INFO: [ view_filter ] --END-- [ RunTime:0.001667s ]
INFO: [ app_end ] --START--
INFO: Run Behavior\ShowPageTraceBehavior [ RunTime:0.001171s ]
INFO: [ app_end ] --END-- [ RunTime:0.001305s ]
NOTIC: [2] ini_set() [<a href='function.ini-set'>function.ini-set</a>]: A session is active. You cannot change the session module's ini settings at this time F:\20150303\lesson\nuomi\nuomi\index.php 第 30 行.

[ 2015-05-05T23:35:59+08:00 ] 127.0.0.1 /nuomi/nuomi/index.php/Admin/Index/head.html
INFO: [ view_parse ] --START--
INFO: Run Behavior\ParseTemplateBehavior [ RunTime:0.013757s ]
INFO: [ view_parse ] --END-- [ RunTime:0.014241s ]
INFO: [ view_filter ] --START--
INFO: Run Behavior\WriteHtmlCacheBehavior [ RunTime:0.000306s ]
INFO: Run Behavior\ShowRuntimeBehavior [ RunTime:0.000392s ]
INFO: [ view_filter ] --END-- [ RunTime:0.000799s ]
INFO: [ app_end ] --START--
INFO: Run Behavior\ShowPageTraceBehavior [ RunTime:0.000627s ]
INFO: [ app_end ] --END-- [ RunTime:0.000715s ]
NOTIC: [2] ini_set() [<a href='function.ini-set'>function.ini-set</a>]: A session is active. You cannot change the session module's ini settings at this time F:\20150303\lesson\nuomi\nuomi\index.php 第 30 行.

[ 2015-05-05T23:36:00+08:00 ] 127.0.0.1 /nuomi/nuomi/index.php/Admin/Manager/showlist
ERR: Syntax Error in template "F:/20150303/lesson/nuomi/nuomi/Admin/View\Manager\showlist.html"  on line 12 "“&lt;@@@@&gt;”标记与 Smarty的标记有冲突的解决："  - Unexpected "@@>"

[ 2015-05-05T23:36:23+08:00 ] 127.0.0.1 /nuomi/nuomi/index.php/Admin/Index/head.html
INFO: [ view_parse ] --START--
INFO: Run Behavior\ParseTemplateBehavior [ RunTime:0.016564s ]
INFO: [ view_parse ] --END-- [ RunTime:0.017339s ]
INFO: [ view_filter ] --START--
INFO: Run Behavior\WriteHtmlCacheBehavior [ RunTime:0.000369s ]
INFO: Run Behavior\ShowRuntimeBehavior [ RunTime:0.000461s ]
INFO: [ view_filter ] --END-- [ RunTime:0.000927s ]
INFO: [ app_end ] --START--
INFO: Run Behavior\ShowPageTraceBehavior [ RunTime:0.000634s ]
INFO: [ app_end ] --END-- [ RunTime:0.000715s ]
NOTIC: [2] ini_set() [<a href='function.ini-set'>function.ini-set</a>]: A session is active. You cannot change the session module's ini settings at this time F:\20150303\lesson\nuomi\nuomi\index.php 第 30 行.

[ 2015-05-05T23:38:19+08:00 ] 127.0.0.1 /nuomi/nuomi/index.php/Admin/Index/head.html
INFO: [ view_parse ] --START--
INFO: Run Behavior\ParseTemplateBehavior [ RunTime:0.014496s ]
INFO: [ view_parse ] --END-- [ RunTime:0.015078s ]
INFO: [ view_filter ] --START--
INFO: Run Behavior\WriteHtmlCacheBehavior [ RunTime:0.000297s ]
INFO: Run Behavior\ShowRuntimeBehavior [ RunTime:0.000393s ]
INFO: [ view_filter ] --END-- [ RunTime:0.000802s ]
INFO: [ app_end ] --START--
INFO: Run Behavior\ShowPageTraceBehavior [ RunTime:0.001110s ]
INFO: [ app_end ] --END-- [ RunTime:0.001252s ]
NOTIC: [2] ini_set() [<a href='function.ini-set'>function.ini-set</a>]: A session is active. You cannot change the session module's ini settings at this time F:\20150303\lesson\nuomi\nuomi\index.php 第 30 行.

[ 2015-05-05T23:41:01+08:00 ] 127.0.0.1 /nuomi/nuomi/index.php/Admin/Index/head.html
INFO: [ view_parse ] --START--
INFO: Run Behavior\ParseTemplateBehavior [ RunTime:0.014239s ]
INFO: [ view_parse ] --END-- [ RunTime:0.014804s ]
INFO: [ view_filter ] --START--
INFO: Run Behavior\WriteHtmlCacheBehavior [ RunTime:0.000367s ]
INFO: Run Behavior\ShowRuntimeBehavior [ RunTime:0.000455s ]
INFO: [ view_filter ] --END-- [ RunTime:0.000917s ]
INFO: [ app_end ] --START--
INFO: Run Behavior\ShowPageTraceBehavior [ RunTime:0.000626s ]
INFO: [ app_end ] --END-- [ RunTime:0.000687s ]
NOTIC: [2] ini_set() [<a href='function.ini-set'>function.ini-set</a>]: A session is active. You cannot change the session module's ini settings at this time F:\20150303\lesson\nuomi\nuomi\index.php 第 30 行.

[ 2015-05-05T23:41:49+08:00 ] 127.0.0.1 /nuomi/nuomi/index.php/Admin/Index/head.html
INFO: [ view_parse ] --START--
INFO: Run Behavior\ParseTemplateBehavior [ RunTime:0.014725s ]
INFO: [ view_parse ] --END-- [ RunTime:0.015245s ]
INFO: [ view_filter ] --START--
INFO: Run Behavior\WriteHtmlCacheBehavior [ RunTime:0.000292s ]
INFO: Run Behavior\ShowRuntimeBehavior [ RunTime:0.000415s ]
INFO: [ view_filter ] --END-- [ RunTime:0.000804s ]
INFO: [ app_end ] --START--
INFO: Run Behavior\ShowPageTraceBehavior [ RunTime:0.000586s ]
INFO: [ app_end ] --END-- [ RunTime:0.000653s ]
NOTIC: [2] ini_set() [<a href='function.ini-set'>function.ini-set</a>]: A session is active. You cannot change the session module's ini settings at this time F:\20150303\lesson\nuomi\nuomi\index.php 第 30 行.

[ 2015-05-05T23:41:55+08:00 ] 127.0.0.1 /nuomi/nuomi/index.php/Admin/Manager/tianjia
ERR: 非法操作:tianjia

[ 2015-05-05T23:44:28+08:00 ] 127.0.0.1 /nuomi/nuomi/index.php/Admin/Index/head.html
INFO: [ view_parse ] --START--
INFO: Run Behavior\ParseTemplateBehavior [ RunTime:0.010535s ]
INFO: [ view_parse ] --END-- [ RunTime:0.011594s ]
INFO: [ view_filter ] --START--
INFO: Run Behavior\WriteHtmlCacheBehavior [ RunTime:0.000284s ]
INFO: Run Behavior\ShowRuntimeBehavior [ RunTime:0.000391s ]
INFO: [ view_filter ] --END-- [ RunTime:0.000798s ]
INFO: [ app_end ] --START--
INFO: Run Behavior\ShowPageTraceBehavior [ RunTime:0.000738s ]
INFO: [ app_end ] --END-- [ RunTime:0.000815s ]
NOTIC: [2] ini_set() [<a href='function.ini-set'>function.ini-set</a>]: A session is active. You cannot change the session module's ini settings at this time F:\20150303\lesson\nuomi\nuomi\index.php 第 30 行.

[ 2015-05-05T23:45:40+08:00 ] 127.0.0.1 /nuomi/nuomi/index.php/Admin/Index/head.html
INFO: [ view_parse ] --START--
INFO: Run Behavior\ParseTemplateBehavior [ RunTime:0.012989s ]
INFO: [ view_parse ] --END-- [ RunTime:0.013476s ]
INFO: [ view_filter ] --START--
INFO: Run Behavior\WriteHtmlCacheBehavior [ RunTime:0.000317s ]
INFO: Run Behavior\ShowRuntimeBehavior [ RunTime:0.000391s ]
INFO: [ view_filter ] --END-- [ RunTime:0.000806s ]
INFO: [ app_end ] --START--
INFO: Run Behavior\ShowPageTraceBehavior [ RunTime:0.000688s ]
INFO: [ app_end ] --END-- [ RunTime:0.000826s ]
NOTIC: [2] ini_set() [<a href='function.ini-set'>function.ini-set</a>]: A session is active. You cannot change the session module's ini settings at this time F:\20150303\lesson\nuomi\nuomi\index.php 第 30 行.

[ 2015-05-05T23:50:23+08:00 ] 127.0.0.1 /nuomi/nuomi/index.php/Admin/Index/head.html
INFO: [ view_parse ] --START--
INFO: Run Behavior\ParseTemplateBehavior [ RunTime:0.011284s ]
INFO: [ view_parse ] --END-- [ RunTime:0.011874s ]
INFO: [ view_filter ] --START--
INFO: Run Behavior\WriteHtmlCacheBehavior [ RunTime:0.000300s ]
INFO: Run Behavior\ShowRuntimeBehavior [ RunTime:0.000385s ]
INFO: [ view_filter ] --END-- [ RunTime:0.000773s ]
INFO: [ app_end ] --START--
INFO: Run Behavior\ShowPageTraceBehavior [ RunTime:0.000548s ]
INFO: [ app_end ] --END-- [ RunTime:0.000605s ]
NOTIC: [2] ini_set() [<a href='function.ini-set'>function.ini-set</a>]: A session is active. You cannot change the session module's ini settings at this time F:\20150303\lesson\nuomi\nuomi\index.php 第 30 行.

[ 2015-05-05T23:52:54+08:00 ] 127.0.0.1 /nuomi/nuomi/index.php/Admin/Index/head.html
INFO: [ view_parse ] --START--
INFO: Run Behavior\ParseTemplateBehavior [ RunTime:0.010349s ]
INFO: [ view_parse ] --END-- [ RunTime:0.010886s ]
INFO: [ view_filter ] --START--
INFO: Run Behavior\WriteHtmlCacheBehavior [ RunTime:0.000297s ]
INFO: Run Behavior\ShowRuntimeBehavior [ RunTime:0.000393s ]
INFO: [ view_filter ] --END-- [ RunTime:0.000788s ]
INFO: [ app_end ] --START--
INFO: Run Behavior\ShowPageTraceBehavior [ RunTime:0.000556s ]
INFO: [ app_end ] --END-- [ RunTime:0.000619s ]
NOTIC: [2] ini_set() [<a href='function.ini-set'>function.ini-set</a>]: A session is active. You cannot change the session module's ini settings at this time F:\20150303\lesson\nuomi\nuomi\index.php 第 30 行.

[ 2015-05-05T23:55:18+08:00 ] 127.0.0.1 /nuomi/nuomi/index.php/Admin/Index/head.html
INFO: [ view_parse ] --START--
INFO: Run Behavior\ParseTemplateBehavior [ RunTime:0.012335s ]
INFO: [ view_parse ] --END-- [ RunTime:0.013359s ]
INFO: [ view_filter ] --START--
INFO: Run Behavior\WriteHtmlCacheBehavior [ RunTime:0.000326s ]
INFO: Run Behavior\ShowRuntimeBehavior [ RunTime:0.000413s ]
INFO: [ view_filter ] --END-- [ RunTime:0.000837s ]
INFO: [ app_end ] --START--
INFO: Run Behavior\ShowPageTraceBehavior [ RunTime:0.000540s ]
INFO: [ app_end ] --END-- [ RunTime:0.000603s ]
NOTIC: [2] ini_set() [<a href='function.ini-set'>function.ini-set</a>]: A session is active. You cannot change the session module's ini settings at this time F:\20150303\lesson\nuomi\nuomi\index.php 第 30 行.

[ 2015-05-05T23:55:34+08:00 ] 127.0.0.1 /nuomi/nuomi/index.php/Admin/Manager/tianjia
ERR: SQLSTATE[HY000]: General error: 1364 Field 'mg_time' doesn't have a default value

[ 2015-05-05T23:59:40+08:00 ] 127.0.0.1 /nuomi/nuomi/index.php/Admin/Index/head.html
INFO: [ view_parse ] --START--
INFO: Run Behavior\ParseTemplateBehavior [ RunTime:0.017899s ]
INFO: [ view_parse ] --END-- [ RunTime:0.018470s ]
INFO: [ view_filter ] --START--
INFO: Run Behavior\WriteHtmlCacheBehavior [ RunTime:0.000495s ]
INFO: Run Behavior\ShowRuntimeBehavior [ RunTime:0.000561s ]
INFO: [ view_filter ] --END-- [ RunTime:0.001155s ]
INFO: [ app_end ] --START--
INFO: Run Behavior\ShowPageTraceBehavior [ RunTime:0.000731s ]
INFO: [ app_end ] --END-- [ RunTime:0.000794s ]
NOTIC: [2] ini_set() [<a href='function.ini-set'>function.ini-set</a>]: A session is active. You cannot change the session module's ini settings at this time F:\20150303\lesson\nuomi\nuomi\index.php 第 30 行.

[ 2015-05-05T23:59:52+08:00 ] 127.0.0.1 /nuomi/nuomi/index.php/Admin/Manager/tianjia
ERR: SQLSTATE[HY000]: General error: 1364 Field 'mg_time' doesn't have a default value

